Build started 2/8/2015 11:20:42 PM.
     1>Project "D:\Perforce\Personal\Thesis\EngineCore\Code\Internal Dependencies\libvorbis\win32\VS2010\vorbisenc\vorbisenc_static.vcxproj" on node 4 (build target(s)).
     1>InitializeBuildStatus:
         Creating "Win32\Debug\vorbisenc.unsuccessfulbuild" because "AlwaysCreate" was specified.
       ClCompile:
         C:\Program Files (x86)\Microsoft Visual Studio 10.0\VC\bin\CL.exe /c /I..\..\..\include /I..\..\..\..\libogg\include /I"..\..\..\..\libogg-1.2.0\include" /I..\..\..\..\ogg\include /I..\..\..\..\..\..\..\core\ogg\libogg\include /ZI /nologo /W4 /WX- /Od /Oy- /D WIN32 /D _DEBUG /D _CONSOLE /D _VC80_UPGRADE=0x0710 /D _UNICODE /D UNICODE /Gm /RTC1 /MDd /GS /fp:precise /Zc:wchar_t /Zc:forScope /Fo"Win32\Debug\\" /Fd"Win32\Debug\vc100.pdb" /Gd /TC /analyze- /errorReport:prompt ..\..\..\examples\encoder_example.c
         encoder_example.c
     1>d:\perforce\personal\thesis\enginecore\code\internal dependencies\libvorbis\examples\encoder_example.c(128): warning C4305: 'function' : truncation from 'double' to 'float'
     1>d:\perforce\personal\thesis\enginecore\code\internal dependencies\libvorbis\examples\encoder_example.c(147): warning C4244: 'function' : conversion from 'time_t' to 'unsigned int', possible loss of data
       ManifestResourceCompile:
         C:\Program Files (x86)\Microsoft SDKs\Windows\v7.0A\bin\rc.exe /nologo /fo"Win32\Debug\vorbisenc.exe.embed.manifest.res" Win32\Debug\vorbisenc_manifest.rc 
     1>C:\Program Files (x86)\MSBuild\Microsoft.Cpp\v4.0\Microsoft.CppBuild.targets(990,5): warning MSB8012: TargetPath(D:\Perforce\Personal\Thesis\EngineCore\Code\Internal Dependencies\libvorbis\win32\VS2010\Win32\Debug\vorbisenc.exe) does not match the Linker's OutputFile property value (D:\Perforce\Personal\Thesis\EngineCore\Code\Internal Dependencies\libvorbis\win32\VS2010\Win32\Debug\vorbisenc_static.exe). This may cause your project to build incorrectly. To correct this, please make sure that $(OutDir), $(TargetName) and $(TargetExt) property values match the value specified in %(Link.OutputFile).
     1>C:\Program Files (x86)\MSBuild\Microsoft.Cpp\v4.0\Microsoft.CppBuild.targets(992,5): warning MSB8012: TargetName(vorbisenc) does not match the Linker's OutputFile property value (vorbisenc_static). This may cause your project to build incorrectly. To correct this, please make sure that $(OutDir), $(TargetName) and $(TargetExt) property values match the value specified in %(Link.OutputFile).
       Link:
         C:\Program Files (x86)\Microsoft Visual Studio 10.0\VC\bin\link.exe /ERRORREPORT:PROMPT /OUT:"D:\Perforce\Personal\Thesis\EngineCore\Code\Internal Dependencies\libvorbis\win32\VS2010\Win32\Debug\vorbisenc_static.exe" /INCREMENTAL /NOLOGO /LIBPATH:..\..\..\..\libogg\win32\VS2010\Win32\Debug /LIBPATH:..\Win32\Debug /LIBPATH:"..\..\..\..\libogg-1.2.0\win32\VS2010\Win32\Debug" /LIBPATH:..\..\..\..\ogg\win32\VS2010\Win32\Debug /LIBPATH:..\..\..\..\..\..\..\core\ogg\libogg\win32\VS2010\Win32\Debug libogg_static.lib libvorbis_static.lib kernel32.lib user32.lib gdi32.lib winspool.lib comdlg32.lib advapi32.lib shell32.lib ole32.lib oleaut32.lib uuid.lib odbc32.lib odbccp32.lib /MANIFEST /ManifestFile:"Win32\Debug\vorbisenc.exe.intermediate.manifest" /MANIFESTUAC:"level='asInvoker' uiAccess='false'" /DEBUG /PDB:"D:\Perforce\Personal\Thesis\EngineCore\Code\Internal Dependencies\libvorbis\win32\VS2010\Win32\Debug\vorbisenc.pdb" /SUBSYSTEM:CONSOLE /TLBID:1 /DYNAMICBASE /NXCOMPAT /IMPLIB:"D:\Perforce\Personal\Thesis\EngineCore\Code\Internal Dependencies\libvorbis\win32\VS2010\Win32\Debug\vorbisenc.lib" /MACHINE:X86 Win32\Debug\vorbisenc.exe.embed.manifest.res
         Win32\Debug\encoder_example.obj
         "D:\Perforce\Personal\Thesis\EngineCore\Code\Internal Dependencies\libvorbis\win32\VS2010\Win32\Debug\libvorbis_static.lib"
     1>LINK : warning LNK4098: defaultlib 'LIBCMTD' conflicts with use of other libs; use /NODEFAULTLIB:library
       Manifest:
         C:\Program Files (x86)\Microsoft SDKs\Windows\v7.0A\bin\mt.exe /nologo /verbose /out:"Win32\Debug\vorbisenc.exe.embed.manifest" /manifest Win32\Debug\vorbisenc.exe.intermediate.manifest
         C:\Program Files (x86)\Microsoft SDKs\Windows\v7.0A\bin\rc.exe /nologo /fo"Win32\Debug\vorbisenc.exe.embed.manifest.res" Win32\Debug\vorbisenc_manifest.rc 
       LinkEmbedManifest:
         C:\Program Files (x86)\Microsoft Visual Studio 10.0\VC\bin\link.exe /ERRORREPORT:PROMPT /OUT:"D:\Perforce\Personal\Thesis\EngineCore\Code\Internal Dependencies\libvorbis\win32\VS2010\Win32\Debug\vorbisenc_static.exe" /INCREMENTAL /NOLOGO /LIBPATH:..\..\..\..\libogg\win32\VS2010\Win32\Debug /LIBPATH:..\Win32\Debug /LIBPATH:"..\..\..\..\libogg-1.2.0\win32\VS2010\Win32\Debug" /LIBPATH:..\..\..\..\ogg\win32\VS2010\Win32\Debug /LIBPATH:..\..\..\..\..\..\..\core\ogg\libogg\win32\VS2010\Win32\Debug libogg_static.lib libvorbis_static.lib kernel32.lib user32.lib gdi32.lib winspool.lib comdlg32.lib advapi32.lib shell32.lib ole32.lib oleaut32.lib uuid.lib odbc32.lib odbccp32.lib /MANIFEST /ManifestFile:"Win32\Debug\vorbisenc.exe.intermediate.manifest" /MANIFESTUAC:"level='asInvoker' uiAccess='false'" /DEBUG /PDB:"D:\Perforce\Personal\Thesis\EngineCore\Code\Internal Dependencies\libvorbis\win32\VS2010\Win32\Debug\vorbisenc.pdb" /SUBSYSTEM:CONSOLE /TLBID:1 /DYNAMICBASE /NXCOMPAT /IMPLIB:"D:\Perforce\Personal\Thesis\EngineCore\Code\Internal Dependencies\libvorbis\win32\VS2010\Win32\Debug\vorbisenc.lib" /MACHINE:X86 Win32\Debug\vorbisenc.exe.embed.manifest.res
         Win32\Debug\encoder_example.obj
         "D:\Perforce\Personal\Thesis\EngineCore\Code\Internal Dependencies\libvorbis\win32\VS2010\Win32\Debug\libvorbis_static.lib"
     1>LINK : warning LNK4098: defaultlib 'LIBCMTD' conflicts with use of other libs; use /NODEFAULTLIB:library
         vorbisenc_static.vcxproj -> D:\Perforce\Personal\Thesis\EngineCore\Code\Internal Dependencies\libvorbis\win32\VS2010\Win32\Debug\vorbisenc.exe
       FinalizeBuildStatus:
         Deleting file "Win32\Debug\vorbisenc.unsuccessfulbuild".
         Touching "Win32\Debug\vorbisenc.lastbuildstate".
     1>Done Building Project "D:\Perforce\Personal\Thesis\EngineCore\Code\Internal Dependencies\libvorbis\win32\VS2010\vorbisenc\vorbisenc_static.vcxproj" (build target(s)).

Build succeeded.

Time Elapsed 00:00:04.56
